Determining if the pthread_create exist failed with the following output:
Change Dir: /home/cc/ee106b/sp18/class/ee106b-aax/ros_workspaces/lab1_ws/build/CMakeFiles/CMakeTmp

Run Build Command:/usr/bin/make "cmTryCompileExec2327795634/fast"
/usr/bin/make -f CMakeFiles/cmTryCompileExec2327795634.dir/build.make CMakeFiles/cmTryCompileExec2327795634.dir/build
make[1]: Entering directory `/home/cc/ee106b/sp18/class/ee106b-aax/ros_workspaces/lab1_ws/build/CMakeFiles/CMakeTmp'
/usr/bin/cmake -E cmake_progress_report /home/cc/ee106b/sp18/class/ee106b-aax/ros_workspaces/lab1_ws/build/CMakeFiles/CMakeTmp/CMakeFiles 1
Building C object CMakeFiles/cmTryCompileExec2327795634.dir/CheckSymbolExists.c.o
/usr/bin/cc    -o CMakeFiles/cmTryCompileExec2327795634.dir/CheckSymbolExists.c.o   -c /home/cc/ee106b/sp18/class/ee106b-aax/ros_workspaces/lab1_ws/build/CMakeFiles/CMakeTmp/CheckSymbolExists.c
Linking C executable cmTryCompileExec2327795634
/usr/bin/cmake -E cmake_link_script CMakeFiles/cmTryCompileExec2327795634.dir/link.txt --verbose=1
/usr/bin/cc       CMakeFiles/cmTryCompileExec2327795634.dir/CheckSymbolExists.c.o  -o cmTryCompileExec2327795634 -rdynamic 
CMakeFiles/cmTryCompileExec2327795634.dir/CheckSymbolExists.c.o: In function `main':
CheckSymbolExists.c:(.text+0x16): undefined reference to `pthread_create'
collect2: error: ld returned 1 exit status
make[1]: *** [cmTryCompileExec2327795634] Error 1
make[1]: Leaving directory `/home/cc/ee106b/sp18/class/ee106b-aax/ros_workspaces/lab1_ws/build/CMakeFiles/CMakeTmp'
make: *** [cmTryCompileExec2327795634/fast] Error 2

File /home/cc/ee106b/sp18/class/ee106b-aax/ros_workspaces/lab1_ws/build/CMakeFiles/CMakeTmp/CheckSymbolExists.c:
/* */
#include <pthread.h>

int main(int argc, char** argv)
{
  (void)argv;
#ifndef pthread_create
  return ((int*)(&pthread_create))[argc];
#else
  (void)argc;
  return 0;
#endif
}

Determining if the function pthread_create exists in the pthreads failed with the following output:
Change Dir: /home/cc/ee106b/sp18/class/ee106b-aax/ros_workspaces/lab1_ws/build/CMakeFiles/CMakeTmp

Run Build Command:/usr/bin/make "cmTryCompileExec953095522/fast"
/usr/bin/make -f CMakeFiles/cmTryCompileExec953095522.dir/build.make CMakeFiles/cmTryCompileExec953095522.dir/build
make[1]: Entering directory `/home/cc/ee106b/sp18/class/ee106b-aax/ros_workspaces/lab1_ws/build/CMakeFiles/CMakeTmp'
/usr/bin/cmake -E cmake_progress_report /home/cc/ee106b/sp18/class/ee106b-aax/ros_workspaces/lab1_ws/build/CMakeFiles/CMakeTmp/CMakeFiles 1
Building C object CMakeFiles/cmTryCompileExec953095522.dir/CheckFunctionExists.c.o
/usr/bin/cc   -DCHECK_FUNCTION_EXISTS=pthread_create   -o CMakeFiles/cmTryCompileExec953095522.dir/CheckFunctionExists.c.o   -c /usr/share/cmake-2.8/Modules/CheckFunctionExists.c
Linking C executable cmTryCompileExec953095522
/usr/bin/cmake -E cmake_link_script CMakeFiles/cmTryCompileExec953095522.dir/link.txt --verbose=1
/usr/bin/cc   -DCHECK_FUNCTION_EXISTS=pthread_create    CMakeFiles/cmTryCompileExec953095522.dir/CheckFunctionExists.c.o  -o cmTryCompileExec953095522 -rdynamic -lpthreads 
/usr/bin/ld: cannot find -lpthreads
collect2: error: ld returned 1 exit status
make[1]: *** [cmTryCompileExec953095522] Error 1
make[1]: Leaving directory `/home/cc/ee106b/sp18/class/ee106b-aax/ros_workspaces/lab1_ws/build/CMakeFiles/CMakeTmp'
make: *** [cmTryCompileExec953095522/fast] Error 2


